<?xml version="1.0" encoding="UTF-8"?>
<!-- Generated by org.testng.reporters.JUnitXMLReporter -->
<testsuite ignored="2" hostname="Ram" failures="0" tests="1" name="Default test" time="7.719" errors="0" timestamp="2023-06-27T15:25:04 EDT">
  <testcase classname="restAPI.Authorization" name="basicauth" time="7.595"/>
  <testcase classname="restAPI.Authorization" name="digestauth" time="0.0">
    <ignored/>
  </testcase> <!-- digestauth -->
  <testcase classname="restAPI.Authorization" name="bearer1" time="0.0">
    <ignored/>
  </testcase> <!-- bearer1 -->
</testsuite> <!-- Default test -->
