<?xml version="1.0" encoding="UTF-8"?>
<testng-results ignored="0" total="1" passed="1" failed="0" skipped="0">
  <reporter-output>
  </reporter-output>
  <suite started-at="2023-06-27T15:24:56 EDT" name="Default suite" finished-at="2023-06-27T15:25:03 EDT" duration-ms="7719">
    <groups>
    </groups>
    <test started-at="2023-06-27T15:24:56 EDT" name="Default test" finished-at="2023-06-27T15:25:03 EDT" duration-ms="7719">
      <class name="restAPI.Authorization">
        <test-method signature="basicauth()[pri:0, instance:restAPI.Authorization@11392934]" started-at="2023-06-27T15:24:56 EDT" name="basicauth" finished-at="2023-06-27T15:25:03 EDT" duration-ms="7595" status="PASS">
          <reporter-output>
          </reporter-output>
        </test-method> <!-- basicauth -->
      </class> <!-- restAPI.Authorization -->
    </test> <!-- Default test -->
  </suite> <!-- Default suite -->
</testng-results>
